{"/home/runner/work/DeskBuddy/DeskBuddy/apps/api/src/db/prisma.ts": {"path":"/home/runner/work/DeskBuddy/DeskBuddy/apps/api/src/db/prisma.ts","statementMap":{"0":{"start":{"line":1,"column":0},"end":{"line":1,"column":46}},"1":{"start":{"line":3,"column":24},"end":{"line":3,"column":74}},"2":{"start":{"line":5,"column":13},"end":{"line":9,"column":5}},"3":{"start":{"line":11,"column":0},"end":{"line":13,"column":1}},"4":{"start":{"line":12,"column":2},"end":{"line":12,"column":34}}},"fnMap":{},"branchMap":{"0":{"loc":{"start":{"line":6,"column":2},"end":{"line":9,"column":4}},"type":"binary-expr","locations":[{"start":{"line":6,"column":2},"end":{"line":6,"column":24}},{"start":{"line":7,"column":2},"end":{"line":9,"column":4}}]},"1":{"loc":{"start":{"line":8,"column":9},"end":{"line":8,"column":91}},"type":"cond-expr","locations":[{"start":{"line":8,"column":53},"end":{"line":8,"column":79}},{"start":{"line":8,"column":82},"end":{"line":8,"column":91}}]},"2":{"loc":{"start":{"line":11,"column":0},"end":{"line":13,"column":1}},"type":"if","locations":[{"start":{"line":11,"column":0},"end":{"line":13,"column":1}}]}},"s":{"0":5,"1":5,"2":5,"3":5,"4":5},"f":{},"b":{"0":[5,5],"1":[0,5],"2":[5]}}
,"/home/runner/work/DeskBuddy/DeskBuddy/apps/api/src/db/redis.ts": {"path":"/home/runner/work/DeskBuddy/DeskBuddy/apps/api/src/db/redis.ts","statementMap":{"0":{"start":{"line":1,"column":0},"end":{"line":1,"column":37}},"1":{"start":{"line":2,"column":0},"end":{"line":2,"column":33}},"2":{"start":{"line":3,"column":0},"end":{"line":3,"column":43}},"3":{"start":{"line":20,"column":34},"end":{"line":20,"column":38}},"4":{"start":{"line":22,"column":37},"end":{"line":30,"column":1}},"5":{"start":{"line":23,"column":2},"end":{"line":28,"column":3}},"6":{"start":{"line":24,"column":4},"end":{"line":24,"column":54}},"7":{"start":{"line":25,"column":4},"end":{"line":25,"column":87}},"8":{"start":{"line":25,"column":42},"end":{"line":25,"column":85}},"9":{"start":{"line":26,"column":4},"end":{"line":26,"column":28}},"10":{"start":{"line":27,"column":4},"end":{"line":27,"column":35}},"11":{"start":{"line":29,"column":2},"end":{"line":29,"column":40}},"12":{"start":{"line":22,"column":13},"end":{"line":22,"column":37}},"13":{"start":{"line":32,"column":26},"end":{"line":37,"column":1}},"14":{"start":{"line":33,"column":2},"end":{"line":36,"column":3}},"15":{"start":{"line":34,"column":4},"end":{"line":34,"column":25}},"16":{"start":{"line":35,"column":4},"end":{"line":35,"column":19}},"17":{"start":{"line":32,"column":13},"end":{"line":32,"column":26}}},"fnMap":{"0":{"name":"(anonymous_1)","decl":{"start":{"line":22,"column":37},"end":{"line":22,"column":42}},"loc":{"start":{"line":22,"column":67},"end":{"line":30,"column":1}}},"1":{"name":"(anonymous_2)","decl":{"start":{"line":25,"column":24},"end":{"line":25,"column":25}},"loc":{"start":{"line":25,"column":42},"end":{"line":25,"column":85}}},"2":{"name":"(anonymous_3)","decl":{"start":{"line":32,"column":26},"end":{"line":32,"column":31}},"loc":{"start":{"line":32,"column":52},"end":{"line":37,"column":1}}}},"branchMap":{"0":{"loc":{"start":{"line":23,"column":2},"end":{"line":28,"column":3}},"type":"if","locations":[{"start":{"line":23,"column":2},"end":{"line":28,"column":3}}]},"1":{"loc":{"start":{"line":33,"column":2},"end":{"line":36,"column":3}},"type":"if","locations":[{"start":{"line":33,"column":2},"end":{"line":36,"column":3}}]}},"s":{"0":6,"1":6,"2":6,"3":6,"4":6,"5":5,"6":4,"7":4,"8":0,"9":4,"10":4,"11":5,"12":6,"13":6,"14":2,"15":1,"16":1,"17":6},"f":{"0":5,"1":0,"2":2},"b":{"0":[4],"1":[1]}}
,"/home/runner/work/DeskBuddy/DeskBuddy/apps/api/src/middleware/auth.ts": {"path":"/home/runner/work/DeskBuddy/DeskBuddy/apps/api/src/middleware/auth.ts","statementMap":{"0":{"start":{"line":2,"column":0},"end":{"line":2,"column":31}},"1":{"start":{"line":3,"column":0},"end":{"line":3,"column":33}},"2":{"start":{"line":4,"column":0},"end":{"line":4,"column":49}},"3":{"start":{"line":5,"column":0},"end":{"line":5,"column":43}},"4":{"start":{"line":20,"column":27},"end":{"line":38,"column":1}},"5":{"start":{"line":21,"column":21},"end":{"line":21,"column":49}},"6":{"start":{"line":23,"column":2},"end":{"line":26,"column":3}},"7":{"start":{"line":24,"column":4},"end":{"line":24,"column":88}},"8":{"start":{"line":25,"column":4},"end":{"line":25,"column":11}},"9":{"start":{"line":28,"column":16},"end":{"line":28,"column":35}},"10":{"start":{"line":30,"column":2},"end":{"line":37,"column":3}},"11":{"start":{"line":31,"column":20},"end":{"line":31,"column":78}},"12":{"start":{"line":32,"column":4},"end":{"line":32,"column":23}},"13":{"start":{"line":33,"column":4},"end":{"line":33,"column":11}},"14":{"start":{"line":35,"column":4},"end":{"line":35,"column":54}},"15":{"start":{"line":36,"column":4},"end":{"line":36,"column":73}},"16":{"start":{"line":20,"column":13},"end":{"line":20,"column":27}}},"fnMap":{"0":{"name":"(anonymous_1)","decl":{"start":{"line":20,"column":27},"end":{"line":20,"column":28}},"loc":{"start":{"line":20,"column":86},"end":{"line":38,"column":1}}}},"branchMap":{"0":{"loc":{"start":{"line":23,"column":2},"end":{"line":26,"column":3}},"type":"if","locations":[{"start":{"line":23,"column":2},"end":{"line":26,"column":3}}]}},"s":{"0":1,"1":1,"2":1,"3":1,"4":1,"5":7,"6":7,"7":2,"8":2,"9":5,"10":5,"11":5,"12":1,"13":1,"14":4,"15":4,"16":1},"f":{"0":7},"b":{"0":[2]}}
,"/home/runner/work/DeskBuddy/DeskBuddy/apps/api/src/middleware/csrf.ts": {"path":"/home/runner/work/DeskBuddy/DeskBuddy/apps/api/src/middleware/csrf.ts","statementMap":{"0":{"start":{"line":2,"column":0},"end":{"line":2,"column":33}},"1":{"start":{"line":3,"column":0},"end":{"line":3,"column":49}},"2":{"start":{"line":10,"column":46},"end":{"line":23,"column":1}},"3":{"start":{"line":15,"column":17},"end":{"line":15,"column":38}},"4":{"start":{"line":17,"column":2},"end":{"line":20,"column":3}},"5":{"start":{"line":18,"column":4},"end":{"line":18,"column":79}},"6":{"start":{"line":19,"column":4},"end":{"line":19,"column":11}},"7":{"start":{"line":22,"column":2},"end":{"line":22,"column":9}},"8":{"start":{"line":10,"column":13},"end":{"line":10,"column":46}}},"fnMap":{"0":{"name":"(anonymous_1)","decl":{"start":{"line":10,"column":46},"end":{"line":10,"column":null}},"loc":{"start":{"line":14,"column":10},"end":{"line":23,"column":1}}}},"branchMap":{"0":{"loc":{"start":{"line":17,"column":2},"end":{"line":20,"column":3}},"type":"if","locations":[{"start":{"line":17,"column":2},"end":{"line":20,"column":3}}]},"1":{"loc":{"start":{"line":17,"column":6},"end":{"line":17,"column":46}},"type":"binary-expr","locations":[{"start":{"line":17,"column":6},"end":{"line":17,"column":13}},{"start":{"line":17,"column":17},"end":{"line":17,"column":46}}]}},"s":{"0":1,"1":1,"2":1,"3":4,"4":4,"5":3,"6":3,"7":1,"8":1},"f":{"0":4},"b":{"0":[3],"1":[4,2]}}
,"/home/runner/work/DeskBuddy/DeskBuddy/apps/api/src/middleware/errorHandler.ts": {"path":"/home/runner/work/DeskBuddy/DeskBuddy/apps/api/src/middleware/errorHandler.ts","statementMap":{"0":{"start":{"line":2,"column":0},"end":{"line":2,"column":49}},"1":{"start":{"line":3,"column":0},"end":{"line":3,"column":43}},"2":{"start":{"line":6,"column":49},"end":{"line":24,"column":1}},"3":{"start":{"line":12,"column":2},"end":{"line":18,"column":3}},"4":{"start":{"line":13,"column":4},"end":{"line":13,"column":77}},"5":{"start":{"line":14,"column":4},"end":{"line":16,"column":7}},"6":{"start":{"line":17,"column":4},"end":{"line":17,"column":11}},"7":{"start":{"line":20,"column":2},"end":{"line":20,"column":43}},"8":{"start":{"line":21,"column":2},"end":{"line":23,"column":5}},"9":{"start":{"line":6,"column":13},"end":{"line":6,"column":49}}},"fnMap":{"0":{"name":"(anonymous_0)","decl":{"start":{"line":6,"column":49},"end":{"line":6,"column":null}},"loc":{"start":{"line":11,"column":10},"end":{"line":24,"column":1}}}},"branchMap":{"0":{"loc":{"start":{"line":12,"column":2},"end":{"line":18,"column":3}},"type":"if","locations":[{"start":{"line":12,"column":2},"end":{"line":18,"column":3}}]}},"s":{"0":1,"1":1,"2":1,"3":5,"4":2,"5":2,"6":2,"7":3,"8":3,"9":1},"f":{"0":5},"b":{"0":[2]}}
,"/home/runner/work/DeskBuddy/DeskBuddy/apps/api/src/middleware/logger.ts": {"path":"/home/runner/work/DeskBuddy/DeskBuddy/apps/api/src/middleware/logger.ts","statementMap":{"0":{"start":{"line":2,"column":0},"end":{"line":2,"column":43}},"1":{"start":{"line":4,"column":29},"end":{"line":20,"column":1}},"2":{"start":{"line":5,"column":16},"end":{"line":5,"column":26}},"3":{"start":{"line":7,"column":2},"end":{"line":17,"column":5}},"4":{"start":{"line":8,"column":4},"end":{"line":16,"column":6}},"5":{"start":{"line":19,"column":2},"end":{"line":19,"column":9}},"6":{"start":{"line":4,"column":13},"end":{"line":4,"column":29}}},"fnMap":{"0":{"name":"(anonymous_0)","decl":{"start":{"line":4,"column":29},"end":{"line":4,"column":30}},"loc":{"start":{"line":4,"column":87},"end":{"line":20,"column":1}}},"1":{"name":"(anonymous_1)","decl":{"start":{"line":7,"column":19},"end":{"line":7,"column":22}},"loc":{"start":{"line":7,"column":24},"end":{"line":17,"column":3}}}},"branchMap":{},"s":{"0":1,"1":1,"2":3,"3":3,"4":1,"5":3,"6":1},"f":{"0":3,"1":1},"b":{}}
,"/home/runner/work/DeskBuddy/DeskBuddy/apps/api/src/middleware/rateLimiter.ts": {"path":"/home/runner/work/DeskBuddy/DeskBuddy/apps/api/src/middleware/rateLimiter.ts","statementMap":{"0":{"start":{"line":8,"column":22},"end":{"line":8,"column":75}},"1":{"start":{"line":10,"column":27},"end":{"line":29,"column":3}},"2":{"start":{"line":11,"column":2},"end":{"line":29,"column":3}},"3":{"start":{"line":12,"column":16},"end":{"line":12,"column":35}},"4":{"start":{"line":13,"column":16},"end":{"line":13,"column":26}},"5":{"start":{"line":14,"column":19},"end":{"line":14,"column":41}},"6":{"start":{"line":16,"column":4},"end":{"line":20,"column":5}},"7":{"start":{"line":17,"column":6},"end":{"line":17,"column":68}},"8":{"start":{"line":18,"column":6},"end":{"line":18,"column":13}},"9":{"start":{"line":19,"column":6},"end":{"line":19,"column":13}},"10":{"start":{"line":22,"column":4},"end":{"line":25,"column":5}},"11":{"start":{"line":23,"column":6},"end":{"line":23,"column":94}},"12":{"start":{"line":24,"column":6},"end":{"line":24,"column":13}},"13":{"start":{"line":27,"column":4},"end":{"line":27,"column":22}},"14":{"start":{"line":28,"column":4},"end":{"line":28,"column":11}},"15":{"start":{"line":10,"column":13},"end":{"line":10,"column":27}}},"fnMap":{"0":{"name":"(anonymous_0)","decl":{"start":{"line":10,"column":27},"end":{"line":10,"column":28}},"loc":{"start":{"line":11,"column":2},"end":{"line":29,"column":3}}},"1":{"name":"(anonymous_1)","decl":{"start":{"line":11,"column":2},"end":{"line":11,"column":3}},"loc":{"start":{"line":11,"column":60},"end":{"line":29,"column":3}}}},"branchMap":{"0":{"loc":{"start":{"line":12,"column":16},"end":{"line":12,"column":35}},"type":"binary-expr","locations":[{"start":{"line":12,"column":16},"end":{"line":12,"column":22}},{"start":{"line":12,"column":26},"end":{"line":12,"column":35}}]},"1":{"loc":{"start":{"line":16,"column":4},"end":{"line":20,"column":5}},"type":"if","locations":[{"start":{"line":16,"column":4},"end":{"line":20,"column":5}}]},"2":{"loc":{"start":{"line":16,"column":8},"end":{"line":16,"column":39}},"type":"binary-expr","locations":[{"start":{"line":16,"column":8},"end":{"line":16,"column":15}},{"start":{"line":16,"column":19},"end":{"line":16,"column":39}}]},"3":{"loc":{"start":{"line":22,"column":4},"end":{"line":25,"column":5}},"type":"if","locations":[{"start":{"line":22,"column":4},"end":{"line":25,"column":5}}]}},"s":{"0":5,"1":5,"2":5,"3":14,"4":14,"5":14,"6":14,"7":7,"8":7,"9":7,"10":7,"11":1,"12":1,"13":6,"14":6,"15":5},"f":{"0":5,"1":14},"b":{"0":[14,1],"1":[7],"2":[14,8],"3":[1]}}
,"/home/runner/work/DeskBuddy/DeskBuddy/apps/api/src/middleware/validate.ts": {"path":"/home/runner/work/DeskBuddy/DeskBuddy/apps/api/src/middleware/validate.ts","statementMap":{"0":{"start":{"line":3,"column":0},"end":{"line":3,"column":49}},"1":{"start":{"line":6,"column":2},"end":{"line":18,"column":3}},"2":{"start":{"line":7,"column":2},"end":{"line":18,"column":3}},"3":{"start":{"line":8,"column":19},"end":{"line":8,"column":45}},"4":{"start":{"line":10,"column":4},"end":{"line":14,"column":5}},"5":{"start":{"line":11,"column":22},"end":{"line":11,"column":100}},"6":{"start":{"line":11,"column":53},"end":{"line":11,"column":88}},"7":{"start":{"line":12,"column":6},"end":{"line":12,"column":60}},"8":{"start":{"line":13,"column":6},"end":{"line":13,"column":13}},"9":{"start":{"line":16,"column":4},"end":{"line":16,"column":27}},"10":{"start":{"line":17,"column":4},"end":{"line":17,"column":11}},"11":{"start":{"line":5,"column":13},"end":{"line":5,"column":null}}},"fnMap":{"0":{"name":"(anonymous_0)","decl":{"start":{"line":6,"column":2},"end":{"line":6,"column":6}},"loc":{"start":{"line":7,"column":2},"end":{"line":18,"column":3}}},"1":{"name":"(anonymous_1)","decl":{"start":{"line":7,"column":2},"end":{"line":7,"column":3}},"loc":{"start":{"line":7,"column":61},"end":{"line":18,"column":3}}},"2":{"name":"(anonymous_2)","decl":{"start":{"line":11,"column":46},"end":{"line":11,"column":47}},"loc":{"start":{"line":11,"column":53},"end":{"line":11,"column":88}}}},"branchMap":{"0":{"loc":{"start":{"line":10,"column":4},"end":{"line":14,"column":5}},"type":"if","locations":[{"start":{"line":10,"column":4},"end":{"line":14,"column":5}}]}},"s":{"0":1,"1":1,"2":5,"3":5,"4":5,"5":4,"6":5,"7":4,"8":4,"9":1,"10":1,"11":1},"f":{"0":5,"1":5,"2":5},"b":{"0":[4]}}
,"/home/runner/work/DeskBuddy/DeskBuddy/apps/api/src/modules/auth/auth.service.ts": {"path":"/home/runner/work/DeskBuddy/DeskBuddy/apps/api/src/modules/auth/auth.service.ts","statementMap":{"0":{"start":{"line":1,"column":0},"end":{"line":1,"column":26}},"1":{"start":{"line":2,"column":0},"end":{"line":2,"column":31}},"2":{"start":{"line":3,"column":0},"end":{"line":3,"column":28}},"3":{"start":{"line":4,"column":0},"end":{"line":4,"column":57}},"4":{"start":{"line":5,"column":0},"end":{"line":5,"column":78}},"5":{"start":{"line":6,"column":0},"end":{"line":6,"column":33}},"6":{"start":{"line":7,"column":0},"end":{"line":7,"column":49}},"7":{"start":{"line":8,"column":0},"end":{"line":8,"column":43}},"8":{"start":{"line":9,"column":0},"end":{"line":9,"column":47}},"9":{"start":{"line":35,"column":28},"end":{"line":35,"column":44}},"10":{"start":{"line":36,"column":27},"end":{"line":36,"column":32}},"11":{"start":{"line":40,"column":21},"end":{"line":40,"column":40}},"12":{"start":{"line":41,"column":21},"end":{"line":41,"column":51}},"13":{"start":{"line":47,"column":4},"end":{"line":63,"column":5}},"14":{"start":{"line":48,"column":23},"end":{"line":57,"column":null}},"15":{"start":{"line":59,"column":6},"end":{"line":59,"column":44}},"16":{"start":{"line":61,"column":6},"end":{"line":61,"column":59}},"17":{"start":{"line":62,"column":6},"end":{"line":62,"column":95}},"18":{"start":{"line":67,"column":4},"end":{"line":76,"column":5}},"19":{"start":{"line":68,"column":23},"end":{"line":70,"column":null}},"20":{"start":{"line":72,"column":6},"end":{"line":72,"column":21}},"21":{"start":{"line":74,"column":6},"end":{"line":74,"column":59}},"22":{"start":{"line":75,"column":6},"end":{"line":75,"column":86}},"23":{"start":{"line":79,"column":17},"end":{"line":88,"column":6}},"24":{"start":{"line":91,"column":24},"end":{"line":91,"column":66}},"25":{"start":{"line":92,"column":24},"end":{"line":92,"column":62}},"26":{"start":{"line":93,"column":25},"end":{"line":93,"column":52}},"27":{"start":{"line":95,"column":18},"end":{"line":95,"column":45}},"28":{"start":{"line":96,"column":4},"end":{"line":98,"column":7}},"29":{"start":{"line":100,"column":4},"end":{"line":100,"column":70}},"30":{"start":{"line":101,"column":4},"end":{"line":101,"column":64}},"31":{"start":{"line":107,"column":4},"end":{"line":109,"column":5}},"32":{"start":{"line":108,"column":6},"end":{"line":108,"column":72}},"33":{"start":{"line":111,"column":21},"end":{"line":111,"column":47}},"34":{"start":{"line":112,"column":4},"end":{"line":114,"column":5}},"35":{"start":{"line":113,"column":6},"end":{"line":113,"column":79}},"36":{"start":{"line":116,"column":19},"end":{"line":116,"column":51}},"37":{"start":{"line":117,"column":24},"end":{"line":117,"column":57}},"38":{"start":{"line":119,"column":18},"end":{"line":119,"column":45}},"39":{"start":{"line":120,"column":19},"end":{"line":120,"column":68}},"40":{"start":{"line":121,"column":4},"end":{"line":123,"column":5}},"41":{"start":{"line":122,"column":6},"end":{"line":122,"column":83}},"42":{"start":{"line":125,"column":17},"end":{"line":125,"column":73}},"43":{"start":{"line":126,"column":4},"end":{"line":129,"column":5}},"44":{"start":{"line":127,"column":6},"end":{"line":127,"column":56}},"45":{"start":{"line":128,"column":6},"end":{"line":128,"column":65}},"46":{"start":{"line":132,"column":27},"end":{"line":132,"column":65}},"47":{"start":{"line":133,"column":28},"end":{"line":133,"column":57}},"48":{"start":{"line":134,"column":4},"end":{"line":136,"column":7}},"49":{"start":{"line":138,"column":24},"end":{"line":138,"column":66}},"50":{"start":{"line":139,"column":4},"end":{"line":139,"column":58}},"51":{"start":{"line":143,"column":18},"end":{"line":143,"column":45}},"52":{"start":{"line":144,"column":4},"end":{"line":144,"column":54}},"53":{"start":{"line":145,"column":4},"end":{"line":145,"column":47}},"54":{"start":{"line":150,"column":4},"end":{"line":154,"column":6}},"55":{"start":{"line":38,"column":0},"end":{"line":38,"column":13}}},"fnMap":{"0":{"name":"(anonymous_1)","decl":{"start":{"line":39,"column":2},"end":{"line":39,"column":null}},"loc":{"start":{"line":41,"column":66},"end":{"line":42,"column":6}}},"1":{"name":"(anonymous_2)","decl":{"start":{"line":44,"column":2},"end":{"line":44,"column":7}},"loc":{"start":{"line":44,"column":53},"end":{"line":102,"column":3}}},"2":{"name":"(anonymous_3)","decl":{"start":{"line":104,"column":2},"end":{"line":104,"column":7}},"loc":{"start":{"line":105,"column":25},"end":{"line":140,"column":3}}},"3":{"name":"(anonymous_4)","decl":{"start":{"line":142,"column":2},"end":{"line":142,"column":7}},"loc":{"start":{"line":142,"column":29},"end":{"line":146,"column":3}}},"4":{"name":"(anonymous_5)","decl":{"start":{"line":148,"column":10},"end":{"line":148,"column":26}},"loc":{"start":{"line":148,"column":56},"end":{"line":155,"column":3}}}},"branchMap":{"0":{"loc":{"start":{"line":40,"column":21},"end":{"line":40,"column":53}},"type":"default-arg","locations":[{"start":{"line":40,"column":40},"end":{"line":40,"column":53}}]},"1":{"loc":{"start":{"line":41,"column":21},"end":{"line":41,"column":66}},"type":"default-arg","locations":[{"start":{"line":41,"column":51},"end":{"line":41,"column":66}}]},"2":{"loc":{"start":{"line":81,"column":47},"end":{"line":81,"column":70}},"type":"binary-expr","locations":[{"start":{"line":81,"column":47},"end":{"line":81,"column":62}},{"start":{"line":81,"column":66},"end":{"line":81,"column":70}}]},"3":{"loc":{"start":{"line":86,"column":19},"end":{"line":86,"column":42}},"type":"binary-expr","locations":[{"start":{"line":86,"column":19},"end":{"line":86,"column":34}},{"start":{"line":86,"column":38},"end":{"line":86,"column":42}}]},"4":{"loc":{"start":{"line":107,"column":4},"end":{"line":109,"column":5}},"type":"if","locations":[{"start":{"line":107,"column":4},"end":{"line":109,"column":5}}]},"5":{"loc":{"start":{"line":112,"column":4},"end":{"line":114,"column":5}},"type":"if","locations":[{"start":{"line":112,"column":4},"end":{"line":114,"column":5}}]},"6":{"loc":{"start":{"line":121,"column":4},"end":{"line":123,"column":5}},"type":"if","locations":[{"start":{"line":121,"column":4},"end":{"line":123,"column":5}}]},"7":{"loc":{"start":{"line":121,"column":8},"end":{"line":121,"column":41}},"type":"binary-expr","locations":[{"start":{"line":121,"column":8},"end":{"line":121,"column":15}},{"start":{"line":121,"column":19},"end":{"line":121,"column":41}}]},"8":{"loc":{"start":{"line":126,"column":4},"end":{"line":129,"column":5}},"type":"if","locations":[{"start":{"line":126,"column":4},"end":{"line":129,"column":5}}]}},"s":{"0":1,"1":1,"2":1,"3":1,"4":1,"5":1,"6":1,"7":1,"8":1,"9":1,"10":1,"11":9,"12":9,"13":3,"14":3,"15":2,"16":1,"17":1,"18":2,"19":2,"20":1,"21":1,"22":1,"23":1,"24":1,"25":1,"26":1,"27":1,"28":1,"29":1,"30":1,"31":5,"32":1,"33":4,"34":4,"35":1,"36":3,"37":3,"38":3,"39":3,"40":3,"41":1,"42":2,"43":2,"44":1,"45":1,"46":1,"47":1,"48":1,"49":1,"50":1,"51":1,"52":1,"53":1,"54":2,"55":1},"f":{"0":9,"1":3,"2":5,"3":1,"4":2},"b":{"0":[0],"1":[0],"2":[1,0],"3":[1,0],"4":[1],"5":[1],"6":[1],"7":[3,3],"8":[1]}}
,"/home/runner/work/DeskBuddy/DeskBuddy/apps/api/src/modules/notes/notes.service.ts": {"path":"/home/runner/work/DeskBuddy/DeskBuddy/apps/api/src/modules/notes/notes.service.ts","statementMap":{"0":{"start":{"line":1,"column":0},"end":{"line":1,"column":57}},"1":{"start":{"line":2,"column":0},"end":{"line":2,"column":49}},"2":{"start":{"line":3,"column":0},"end":{"line":3,"column":47}},"3":{"start":{"line":4,"column":0},"end":{"line":4,"column":51}},"4":{"start":{"line":5,"column":0},"end":{"line":5,"column":50}},"5":{"start":{"line":10,"column":31},"end":{"line":10,"column":36}},"6":{"start":{"line":13,"column":19},"end":{"line":15,"column":6}},"7":{"start":{"line":16,"column":4},"end":{"line":18,"column":5}},"8":{"start":{"line":17,"column":6},"end":{"line":17,"column":79}},"9":{"start":{"line":22,"column":4},"end":{"line":22,"column":50}},"10":{"start":{"line":23,"column":18},"end":{"line":26,"column":6}},"11":{"start":{"line":27,"column":4},"end":{"line":27,"column":32}},"12":{"start":{"line":31,"column":4},"end":{"line":31,"column":50}},"13":{"start":{"line":32,"column":17},"end":{"line":39,"column":6}},"14":{"start":{"line":40,"column":16},"end":{"line":40,"column":31}},"15":{"start":{"line":41,"column":4},"end":{"line":41,"column":66}},"16":{"start":{"line":42,"column":4},"end":{"line":42,"column":15}},"17":{"start":{"line":46,"column":4},"end":{"line":46,"column":50}},"18":{"start":{"line":47,"column":17},"end":{"line":47,"column":85}},"19":{"start":{"line":48,"column":4},"end":{"line":50,"column":5}},"20":{"start":{"line":49,"column":6},"end":{"line":49,"column":62}},"21":{"start":{"line":51,"column":4},"end":{"line":51,"column":27}},"22":{"start":{"line":60,"column":4},"end":{"line":60,"column":50}},"23":{"start":{"line":61,"column":21},"end":{"line":61,"column":89}},"24":{"start":{"line":62,"column":4},"end":{"line":64,"column":5}},"25":{"start":{"line":63,"column":6},"end":{"line":63,"column":62}},"26":{"start":{"line":65,"column":17},"end":{"line":71,"column":6}},"27":{"start":{"line":72,"column":16},"end":{"line":72,"column":31}},"28":{"start":{"line":73,"column":4},"end":{"line":73,"column":66}},"29":{"start":{"line":74,"column":4},"end":{"line":74,"column":15}},"30":{"start":{"line":78,"column":4},"end":{"line":78,"column":50}},"31":{"start":{"line":79,"column":21},"end":{"line":79,"column":89}},"32":{"start":{"line":80,"column":4},"end":{"line":82,"column":5}},"33":{"start":{"line":81,"column":6},"end":{"line":81,"column":62}},"34":{"start":{"line":83,"column":4},"end":{"line":83,"column":57}},"35":{"start":{"line":84,"column":4},"end":{"line":84,"column":86}},"36":{"start":{"line":9,"column":0},"end":{"line":9,"column":13}}},"fnMap":{"0":{"name":"(anonymous_0)","decl":{"start":{"line":10,"column":2},"end":{"line":10,"column":31}},"loc":{"start":{"line":10,"column":49},"end":{"line":10,"column":53}}},"1":{"name":"(anonymous_1)","decl":{"start":{"line":12,"column":10},"end":{"line":12,"column":15}},"loc":{"start":{"line":12,"column":65},"end":{"line":19,"column":3}}},"2":{"name":"(anonymous_2)","decl":{"start":{"line":21,"column":2},"end":{"line":21,"column":7}},"loc":{"start":{"line":21,"column":48},"end":{"line":28,"column":3}}},"3":{"name":"(anonymous_3)","decl":{"start":{"line":30,"column":2},"end":{"line":30,"column":7}},"loc":{"start":{"line":30,"column":73},"end":{"line":43,"column":3}}},"4":{"name":"(anonymous_4)","decl":{"start":{"line":45,"column":2},"end":{"line":45,"column":7}},"loc":{"start":{"line":45,"column":67},"end":{"line":52,"column":3}}},"5":{"name":"(anonymous_5)","decl":{"start":{"line":54,"column":2},"end":{"line":54,"column":7}},"loc":{"start":{"line":58,"column":25},"end":{"line":75,"column":3}}},"6":{"name":"(anonymous_6)","decl":{"start":{"line":77,"column":2},"end":{"line":77,"column":7}},"loc":{"start":{"line":77,"column":66},"end":{"line":85,"column":3}}}},"branchMap":{"0":{"loc":{"start":{"line":10,"column":31},"end":{"line":10,"column":49}},"type":"default-arg","locations":[{"start":{"line":10,"column":36},"end":{"line":10,"column":49}}]},"1":{"loc":{"start":{"line":16,"column":4},"end":{"line":18,"column":5}},"type":"if","locations":[{"start":{"line":16,"column":4},"end":{"line":18,"column":5}}]},"2":{"loc":{"start":{"line":35,"column":17},"end":{"line":35,"column":35}},"type":"binary-expr","locations":[{"start":{"line":35,"column":17},"end":{"line":35,"column":29}},{"start":{"line":35,"column":33},"end":{"line":35,"column":35}}]},"3":{"loc":{"start":{"line":48,"column":4},"end":{"line":50,"column":5}},"type":"if","locations":[{"start":{"line":48,"column":4},"end":{"line":50,"column":5}}]},"4":{"loc":{"start":{"line":62,"column":4},"end":{"line":64,"column":5}},"type":"if","locations":[{"start":{"line":62,"column":4},"end":{"line":64,"column":5}}]},"5":{"loc":{"start":{"line":68,"column":12},"end":{"line":68,"column":61}},"type":"binary-expr","locations":[{"start":{"line":68,"column":12},"end":{"line":68,"column":36}},{"start":{"line":68,"column":40},"end":{"line":68,"column":61}}]},"6":{"loc":{"start":{"line":69,"column":12},"end":{"line":69,"column":67}},"type":"binary-expr","locations":[{"start":{"line":69,"column":12},"end":{"line":69,"column":38}},{"start":{"line":69,"column":42},"end":{"line":69,"column":67}}]},"7":{"loc":{"start":{"line":80,"column":4},"end":{"line":82,"column":5}},"type":"if","locations":[{"start":{"line":80,"column":4},"end":{"line":82,"column":5}}]}},"s":{"0":1,"1":1,"2":1,"3":1,"4":1,"5":20,"6":20,"7":20,"8":5,"9":4,"10":3,"11":3,"12":4,"13":3,"14":3,"15":3,"16":3,"17":4,"18":3,"19":3,"20":1,"21":2,"22":5,"23":4,"24":4,"25":1,"26":3,"27":3,"28":3,"29":3,"30":3,"31":2,"32":2,"33":1,"34":1,"35":1,"36":1},"f":{"0":20,"1":20,"2":4,"3":4,"4":4,"5":5,"6":3},"b":{"0":[0],"1":[5],"2":[3,0],"3":[1],"4":[1],"5":[3,2],"6":[3,1],"7":[1]}}
,"/home/runner/work/DeskBuddy/DeskBuddy/apps/api/src/modules/tasks/tasks.service.ts": {"path":"/home/runner/work/DeskBuddy/DeskBuddy/apps/api/src/modules/tasks/tasks.service.ts","statementMap":{"0":{"start":{"line":2,"column":0},"end":{"line":2,"column":57}},"1":{"start":{"line":3,"column":0},"end":{"line":3,"column":49}},"2":{"start":{"line":4,"column":0},"end":{"line":4,"column":47}},"3":{"start":{"line":5,"column":0},"end":{"line":5,"column":51}},"4":{"start":{"line":6,"column":0},"end":{"line":6,"column":50}},"5":{"start":{"line":11,"column":31},"end":{"line":11,"column":36}},"6":{"start":{"line":14,"column":19},"end":{"line":16,"column":6}},"7":{"start":{"line":17,"column":4},"end":{"line":19,"column":5}},"8":{"start":{"line":18,"column":6},"end":{"line":18,"column":79}},"9":{"start":{"line":23,"column":4},"end":{"line":23,"column":50}},"10":{"start":{"line":24,"column":18},"end":{"line":28,"column":6}},"11":{"start":{"line":29,"column":4},"end":{"line":29,"column":32}},"12":{"start":{"line":33,"column":4},"end":{"line":33,"column":50}},"13":{"start":{"line":34,"column":17},"end":{"line":44,"column":6}},"14":{"start":{"line":45,"column":16},"end":{"line":45,"column":31}},"15":{"start":{"line":46,"column":4},"end":{"line":46,"column":66}},"16":{"start":{"line":47,"column":4},"end":{"line":47,"column":15}},"17":{"start":{"line":51,"column":4},"end":{"line":51,"column":50}},"18":{"start":{"line":52,"column":17},"end":{"line":55,"column":6}},"19":{"start":{"line":56,"column":4},"end":{"line":58,"column":5}},"20":{"start":{"line":57,"column":6},"end":{"line":57,"column":62}},"21":{"start":{"line":59,"column":4},"end":{"line":59,"column":27}},"22":{"start":{"line":68,"column":4},"end":{"line":68,"column":50}},"23":{"start":{"line":69,"column":21},"end":{"line":69,"column":89}},"24":{"start":{"line":70,"column":4},"end":{"line":72,"column":5}},"25":{"start":{"line":71,"column":6},"end":{"line":71,"column":62}},"26":{"start":{"line":73,"column":17},"end":{"line":82,"column":6}},"27":{"start":{"line":83,"column":16},"end":{"line":83,"column":31}},"28":{"start":{"line":84,"column":4},"end":{"line":84,"column":66}},"29":{"start":{"line":85,"column":4},"end":{"line":85,"column":15}},"30":{"start":{"line":89,"column":4},"end":{"line":89,"column":50}},"31":{"start":{"line":90,"column":21},"end":{"line":90,"column":89}},"32":{"start":{"line":91,"column":4},"end":{"line":93,"column":5}},"33":{"start":{"line":92,"column":6},"end":{"line":92,"column":62}},"34":{"start":{"line":94,"column":4},"end":{"line":94,"column":57}},"35":{"start":{"line":95,"column":4},"end":{"line":95,"column":86}},"36":{"start":{"line":10,"column":0},"end":{"line":10,"column":13}}},"fnMap":{"0":{"name":"(anonymous_0)","decl":{"start":{"line":11,"column":2},"end":{"line":11,"column":31}},"loc":{"start":{"line":11,"column":49},"end":{"line":11,"column":53}}},"1":{"name":"(anonymous_1)","decl":{"start":{"line":13,"column":10},"end":{"line":13,"column":15}},"loc":{"start":{"line":13,"column":65},"end":{"line":20,"column":3}}},"2":{"name":"(anonymous_2)","decl":{"start":{"line":22,"column":2},"end":{"line":22,"column":7}},"loc":{"start":{"line":22,"column":48},"end":{"line":30,"column":3}}},"3":{"name":"(anonymous_3)","decl":{"start":{"line":32,"column":2},"end":{"line":32,"column":7}},"loc":{"start":{"line":32,"column":73},"end":{"line":48,"column":3}}},"4":{"name":"(anonymous_4)","decl":{"start":{"line":50,"column":2},"end":{"line":50,"column":7}},"loc":{"start":{"line":50,"column":67},"end":{"line":60,"column":3}}},"5":{"name":"(anonymous_5)","decl":{"start":{"line":62,"column":2},"end":{"line":62,"column":7}},"loc":{"start":{"line":66,"column":25},"end":{"line":86,"column":3}}},"6":{"name":"(anonymous_6)","decl":{"start":{"line":88,"column":2},"end":{"line":88,"column":7}},"loc":{"start":{"line":88,"column":66},"end":{"line":96,"column":3}}}},"branchMap":{"0":{"loc":{"start":{"line":11,"column":31},"end":{"line":11,"column":49}},"type":"default-arg","locations":[{"start":{"line":11,"column":36},"end":{"line":11,"column":49}}]},"1":{"loc":{"start":{"line":17,"column":4},"end":{"line":19,"column":5}},"type":"if","locations":[{"start":{"line":17,"column":4},"end":{"line":19,"column":5}}]},"2":{"loc":{"start":{"line":37,"column":21},"end":{"line":37,"column":45}},"type":"binary-expr","locations":[{"start":{"line":37,"column":21},"end":{"line":37,"column":37}},{"start":{"line":37,"column":41},"end":{"line":37,"column":45}}]},"3":{"loc":{"start":{"line":38,"column":17},"end":{"line":38,"column":38}},"type":"binary-expr","locations":[{"start":{"line":38,"column":17},"end":{"line":38,"column":28}},{"start":{"line":38,"column":32},"end":{"line":38,"column":38}}]},"4":{"loc":{"start":{"line":39,"column":20},"end":{"line":39,"column":43}},"type":"binary-expr","locations":[{"start":{"line":39,"column":20},"end":{"line":39,"column":35}},{"start":{"line":39,"column":39},"end":{"line":39,"column":43}}]},"5":{"loc":{"start":{"line":56,"column":4},"end":{"line":58,"column":5}},"type":"if","locations":[{"start":{"line":56,"column":4},"end":{"line":58,"column":5}}]},"6":{"loc":{"start":{"line":70,"column":4},"end":{"line":72,"column":5}},"type":"if","locations":[{"start":{"line":70,"column":4},"end":{"line":72,"column":5}}]},"7":{"loc":{"start":{"line":76,"column":12},"end":{"line":76,"column":61}},"type":"binary-expr","locations":[{"start":{"line":76,"column":12},"end":{"line":76,"column":36}},{"start":{"line":76,"column":40},"end":{"line":76,"column":61}}]},"8":{"loc":{"start":{"line":77,"column":12},"end":{"line":77,"column":79}},"type":"binary-expr","locations":[{"start":{"line":77,"column":12},"end":{"line":77,"column":42}},{"start":{"line":77,"column":46},"end":{"line":77,"column":79}}]},"9":{"loc":{"start":{"line":78,"column":12},"end":{"line":78,"column":78}},"type":"binary-expr","locations":[{"start":{"line":78,"column":12},"end":{"line":78,"column":37}},{"start":{"line":78,"column":41},"end":{"line":78,"column":78}}]},"10":{"loc":{"start":{"line":79,"column":12},"end":{"line":79,"column":76}},"type":"binary-expr","locations":[{"start":{"line":79,"column":12},"end":{"line":79,"column":41}},{"start":{"line":79,"column":45},"end":{"line":79,"column":76}}]},"11":{"loc":{"start":{"line":91,"column":4},"end":{"line":93,"column":5}},"type":"if","locations":[{"start":{"line":91,"column":4},"end":{"line":93,"column":5}}]}},"s":{"0":1,"1":1,"2":1,"3":1,"4":1,"5":10,"6":11,"7":11,"8":3,"9":3,"10":1,"11":1,"12":2,"13":1,"14":1,"15":1,"16":1,"17":2,"18":2,"19":2,"20":1,"21":1,"22":2,"23":2,"24":2,"25":1,"26":1,"27":1,"28":1,"29":1,"30":2,"31":2,"32":2,"33":1,"34":1,"35":1,"36":1},"f":{"0":10,"1":11,"2":3,"3":2,"4":2,"5":2,"6":2},"b":{"0":[0],"1":[3],"2":[1,1],"3":[1,0],"4":[1,1],"5":[1],"6":[1],"7":[1,1],"8":[1,0],"9":[1,0],"10":[1,0],"11":[1]}}
,"/home/runner/work/DeskBuddy/DeskBuddy/apps/api/src/modules/users/users.service.ts": {"path":"/home/runner/work/DeskBuddy/DeskBuddy/apps/api/src/modules/users/users.service.ts","statementMap":{"0":{"start":{"line":1,"column":0},"end":{"line":1,"column":57}},"1":{"start":{"line":2,"column":0},"end":{"line":2,"column":49}},"2":{"start":{"line":3,"column":0},"end":{"line":3,"column":47}},"3":{"start":{"line":8,"column":31},"end":{"line":8,"column":36}},"4":{"start":{"line":11,"column":17},"end":{"line":11,"column":73}},"5":{"start":{"line":12,"column":4},"end":{"line":14,"column":5}},"6":{"start":{"line":13,"column":6},"end":{"line":13,"column":62}},"7":{"start":{"line":15,"column":4},"end":{"line":15,"column":27}},"8":{"start":{"line":19,"column":21},"end":{"line":19,"column":77}},"9":{"start":{"line":20,"column":4},"end":{"line":22,"column":5}},"10":{"start":{"line":21,"column":6},"end":{"line":21,"column":62}},"11":{"start":{"line":23,"column":20},"end":{"line":29,"column":6}},"12":{"start":{"line":30,"column":4},"end":{"line":30,"column":30}},"13":{"start":{"line":7,"column":0},"end":{"line":7,"column":13}}},"fnMap":{"0":{"name":"(anonymous_0)","decl":{"start":{"line":8,"column":2},"end":{"line":8,"column":31}},"loc":{"start":{"line":8,"column":49},"end":{"line":8,"column":53}}},"1":{"name":"(anonymous_1)","decl":{"start":{"line":10,"column":2},"end":{"line":10,"column":7}},"loc":{"start":{"line":10,"column":30},"end":{"line":16,"column":3}}},"2":{"name":"(anonymous_2)","decl":{"start":{"line":18,"column":2},"end":{"line":18,"column":7}},"loc":{"start":{"line":18,"column":52},"end":{"line":31,"column":3}}}},"branchMap":{"0":{"loc":{"start":{"line":8,"column":31},"end":{"line":8,"column":49}},"type":"default-arg","locations":[{"start":{"line":8,"column":36},"end":{"line":8,"column":49}}]},"1":{"loc":{"start":{"line":12,"column":4},"end":{"line":14,"column":5}},"type":"if","locations":[{"start":{"line":12,"column":4},"end":{"line":14,"column":5}}]},"2":{"loc":{"start":{"line":20,"column":4},"end":{"line":22,"column":5}},"type":"if","locations":[{"start":{"line":20,"column":4},"end":{"line":22,"column":5}}]},"3":{"loc":{"start":{"line":26,"column":12},"end":{"line":26,"column":58}},"type":"binary-expr","locations":[{"start":{"line":26,"column":12},"end":{"line":26,"column":35}},{"start":{"line":26,"column":39},"end":{"line":26,"column":58}}]},"4":{"loc":{"start":{"line":27,"column":12},"end":{"line":27,"column":73}},"type":"binary-expr","locations":[{"start":{"line":27,"column":12},"end":{"line":27,"column":40}},{"start":{"line":27,"column":44},"end":{"line":27,"column":73}}]}},"s":{"0":1,"1":1,"2":1,"3":11,"4":6,"5":6,"6":2,"7":4,"8":6,"9":6,"10":2,"11":4,"12":4,"13":1},"f":{"0":11,"1":6,"2":6},"b":{"0":[0],"1":[2],"2":[2],"3":[4,3],"4":[4,2]}}
,"/home/runner/work/DeskBuddy/DeskBuddy/apps/api/src/modules/workspaces/workspaces.service.ts": {"path":"/home/runner/work/DeskBuddy/DeskBuddy/apps/api/src/modules/workspaces/workspaces.service.ts","statementMap":{"0":{"start":{"line":1,"column":0},"end":{"line":1,"column":38}},"1":{"start":{"line":2,"column":0},"end":{"line":2,"column":57}},"2":{"start":{"line":3,"column":0},"end":{"line":3,"column":49}},"3":{"start":{"line":4,"column":0},"end":{"line":4,"column":52}},"4":{"start":{"line":9,"column":31},"end":{"line":9,"column":36}},"5":{"start":{"line":12,"column":24},"end":{"line":15,"column":6}},"6":{"start":{"line":16,"column":4},"end":{"line":16,"column":63}},"7":{"start":{"line":16,"column":34},"end":{"line":16,"column":61}},"8":{"start":{"line":20,"column":22},"end":{"line":32,"column":6}},"9":{"start":{"line":21,"column":17},"end":{"line":27,"column":8}},"10":{"start":{"line":28,"column":6},"end":{"line":30,"column":9}},"11":{"start":{"line":31,"column":6},"end":{"line":31,"column":16}},"12":{"start":{"line":33,"column":4},"end":{"line":33,"column":37}},"13":{"start":{"line":37,"column":19},"end":{"line":39,"column":6}},"14":{"start":{"line":40,"column":4},"end":{"line":42,"column":5}},"15":{"start":{"line":41,"column":6},"end":{"line":41,"column":79}},"16":{"start":{"line":43,"column":22},"end":{"line":43,"column":88}},"17":{"start":{"line":44,"column":4},"end":{"line":46,"column":5}},"18":{"start":{"line":45,"column":6},"end":{"line":45,"column":67}},"19":{"start":{"line":47,"column":4},"end":{"line":47,"column":37}},"20":{"start":{"line":55,"column":19},"end":{"line":57,"column":6}},"21":{"start":{"line":58,"column":4},"end":{"line":64,"column":5}},"22":{"start":{"line":59,"column":6},"end":{"line":63,"column":8}},"23":{"start":{"line":65,"column":22},"end":{"line":71,"column":6}},"24":{"start":{"line":72,"column":4},"end":{"line":72,"column":37}},"25":{"start":{"line":76,"column":19},"end":{"line":78,"column":6}},"26":{"start":{"line":79,"column":4},"end":{"line":81,"column":5}},"27":{"start":{"line":80,"column":6},"end":{"line":80,"column":94}},"28":{"start":{"line":82,"column":4},"end":{"line":82,"column":67}},"29":{"start":{"line":8,"column":0},"end":{"line":8,"column":13}}},"fnMap":{"0":{"name":"(anonymous_0)","decl":{"start":{"line":9,"column":2},"end":{"line":9,"column":31}},"loc":{"start":{"line":9,"column":49},"end":{"line":9,"column":53}}},"1":{"name":"(anonymous_1)","decl":{"start":{"line":11,"column":2},"end":{"line":11,"column":7}},"loc":{"start":{"line":11,"column":27},"end":{"line":17,"column":3}}},"2":{"name":"(anonymous_2)","decl":{"start":{"line":16,"column":27},"end":{"line":16,"column":28}},"loc":{"start":{"line":16,"column":34},"end":{"line":16,"column":61}}},"3":{"name":"(anonymous_3)","decl":{"start":{"line":19,"column":2},"end":{"line":19,"column":7}},"loc":{"start":{"line":19,"column":57},"end":{"line":34,"column":3}}},"4":{"name":"(anonymous_4)","decl":{"start":{"line":20,"column":49},"end":{"line":20,"column":54}},"loc":{"start":{"line":20,"column":62},"end":{"line":32,"column":5}}},"5":{"name":"(anonymous_5)","decl":{"start":{"line":36,"column":2},"end":{"line":36,"column":7}},"loc":{"start":{"line":36,"column":51},"end":{"line":48,"column":3}}},"6":{"name":"(anonymous_6)","decl":{"start":{"line":50,"column":2},"end":{"line":50,"column":7}},"loc":{"start":{"line":53,"column":30},"end":{"line":73,"column":3}}},"7":{"name":"(anonymous_7)","decl":{"start":{"line":75,"column":2},"end":{"line":75,"column":7}},"loc":{"start":{"line":75,"column":50},"end":{"line":83,"column":3}}}},"branchMap":{"0":{"loc":{"start":{"line":9,"column":31},"end":{"line":9,"column":49}},"type":"default-arg","locations":[{"start":{"line":9,"column":36},"end":{"line":9,"column":49}}]},"1":{"loc":{"start":{"line":24,"column":23},"end":{"line":24,"column":47}},"type":"binary-expr","locations":[{"start":{"line":24,"column":23},"end":{"line":24,"column":39}},{"start":{"line":24,"column":43},"end":{"line":24,"column":47}}]},"2":{"loc":{"start":{"line":40,"column":4},"end":{"line":42,"column":5}},"type":"if","locations":[{"start":{"line":40,"column":4},"end":{"line":42,"column":5}}]},"3":{"loc":{"start":{"line":44,"column":4},"end":{"line":46,"column":5}},"type":"if","locations":[{"start":{"line":44,"column":4},"end":{"line":46,"column":5}}]},"4":{"loc":{"start":{"line":58,"column":4},"end":{"line":64,"column":5}},"type":"if","locations":[{"start":{"line":58,"column":4},"end":{"line":64,"column":5}}]},"5":{"loc":{"start":{"line":58,"column":8},"end":{"line":58,"column":78}},"type":"binary-expr","locations":[{"start":{"line":58,"column":8},"end":{"line":58,"column":15}},{"start":{"line":58,"column":19},"end":{"line":58,"column":78}}]},"6":{"loc":{"start":{"line":68,"column":12},"end":{"line":68,"column":58}},"type":"binary-expr","locations":[{"start":{"line":68,"column":12},"end":{"line":68,"column":35}},{"start":{"line":68,"column":39},"end":{"line":68,"column":58}}]},"7":{"loc":{"start":{"line":69,"column":12},"end":{"line":69,"column":79}},"type":"binary-expr","locations":[{"start":{"line":69,"column":12},"end":{"line":69,"column":42}},{"start":{"line":69,"column":46},"end":{"line":69,"column":79}}]},"8":{"loc":{"start":{"line":79,"column":4},"end":{"line":81,"column":5}},"type":"if","locations":[{"start":{"line":79,"column":4},"end":{"line":81,"column":5}}]},"9":{"loc":{"start":{"line":79,"column":8},"end":{"line":79,"column":45}},"type":"binary-expr","locations":[{"start":{"line":79,"column":8},"end":{"line":79,"column":15}},{"start":{"line":79,"column":19},"end":{"line":79,"column":45}}]}},"s":{"0":1,"1":1,"2":1,"3":1,"4":12,"5":1,"6":1,"7":1,"8":1,"9":1,"10":1,"11":1,"12":1,"13":3,"14":3,"15":1,"16":2,"17":2,"18":1,"19":1,"20":4,"21":4,"22":2,"23":2,"24":2,"25":3,"26":3,"27":2,"28":1,"29":1},"f":{"0":12,"1":1,"2":1,"3":1,"4":1,"5":3,"6":4,"7":3},"b":{"0":[0],"1":[1,1],"2":[1],"3":[1],"4":[2],"5":[4,3],"6":[2,2],"7":[2,0],"8":[2],"9":[3,2]}}
,"/home/runner/work/DeskBuddy/DeskBuddy/apps/api/src/utils/httpError.ts": {"path":"/home/runner/work/DeskBuddy/DeskBuddy/apps/api/src/utils/httpError.ts","statementMap":{"0":{"start":{"line":6,"column":4},"end":{"line":6,"column":19}},"1":{"start":{"line":7,"column":4},"end":{"line":7,"column":28}},"2":{"start":{"line":8,"column":4},"end":{"line":8,"column":33}},"3":{"start":{"line":9,"column":4},"end":{"line":9,"column":21}},"4":{"start":{"line":10,"column":4},"end":{"line":10,"column":52}},"5":{"start":{"line":1,"column":0},"end":{"line":1,"column":13}}},"fnMap":{"0":{"name":"(anonymous_0)","decl":{"start":{"line":5,"column":2},"end":{"line":5,"column":14}},"loc":{"start":{"line":5,"column":74},"end":{"line":11,"column":3}}}},"branchMap":{"0":{"loc":{"start":{"line":5,"column":51},"end":{"line":5,"column":74}},"type":"default-arg","locations":[{"start":{"line":5,"column":58},"end":{"line":5,"column":74}}]}},"s":{"0":59,"1":59,"2":59,"3":59,"4":59,"5":7},"f":{"0":59},"b":{"0":[13]}}
,"/home/runner/work/DeskBuddy/DeskBuddy/apps/api/src/utils/logger.ts": {"path":"/home/runner/work/DeskBuddy/DeskBuddy/apps/api/src/utils/logger.ts","statementMap":{"0":{"start":{"line":1,"column":0},"end":{"line":1,"column":24}},"1":{"start":{"line":2,"column":0},"end":{"line":2,"column":33}},"2":{"start":{"line":4,"column":13},"end":{"line":12,"column":3}}},"fnMap":{},"branchMap":{"0":{"loc":{"start":{"line":5,"column":9},"end":{"line":5,"column":60}},"type":"cond-expr","locations":[{"start":{"line":5,"column":44},"end":{"line":5,"column":50}},{"start":{"line":5,"column":53},"end":{"line":5,"column":60}}]},"1":{"loc":{"start":{"line":6,"column":6},"end":{"line":11,"column":4}},"type":"binary-expr","locations":[{"start":{"line":6,"column":6},"end":{"line":6,"column":38}},{"start":{"line":6,"column":42},"end":{"line":11,"column":4}}]}},"s":{"0":0,"1":0,"2":0},"f":{},"b":{"0":[0,0],"1":[0,0]}}
,"/home/runner/work/DeskBuddy/DeskBuddy/apps/api/src/utils/mappers.ts": {"path":"/home/runner/work/DeskBuddy/DeskBuddy/apps/api/src/utils/mappers.ts","statementMap":{"0":{"start":{"line":9,"column":25},"end":{"line":16,"column":2}},"1":{"start":{"line":9,"column":57},"end":{"line":16,"column":2}},"2":{"start":{"line":9,"column":13},"end":{"line":9,"column":25}},"3":{"start":{"line":18,"column":30},"end":{"line":25,"column":2}},"4":{"start":{"line":18,"column":77},"end":{"line":25,"column":2}},"5":{"start":{"line":18,"column":13},"end":{"line":18,"column":30}},"6":{"start":{"line":27,"column":25},"end":{"line":39,"column":2}},"7":{"start":{"line":29,"column":15},"end":{"line":39,"column":2}},"8":{"start":{"line":27,"column":13},"end":{"line":27,"column":25}},"9":{"start":{"line":41,"column":25},"end":{"line":49,"column":2}},"10":{"start":{"line":41,"column":57},"end":{"line":49,"column":2}},"11":{"start":{"line":41,"column":13},"end":{"line":41,"column":25}}},"fnMap":{"0":{"name":"(anonymous_0)","decl":{"start":{"line":9,"column":25},"end":{"line":9,"column":26}},"loc":{"start":{"line":9,"column":57},"end":{"line":16,"column":2}}},"1":{"name":"(anonymous_1)","decl":{"start":{"line":18,"column":30},"end":{"line":18,"column":31}},"loc":{"start":{"line":18,"column":77},"end":{"line":25,"column":2}}},"2":{"name":"(anonymous_2)","decl":{"start":{"line":27,"column":25},"end":{"line":27,"column":null}},"loc":{"start":{"line":29,"column":15},"end":{"line":39,"column":2}}},"3":{"name":"(anonymous_3)","decl":{"start":{"line":41,"column":25},"end":{"line":41,"column":26}},"loc":{"start":{"line":41,"column":57},"end":{"line":49,"column":2}}}},"branchMap":{"0":{"loc":{"start":{"line":13,"column":13},"end":{"line":13,"column":35}},"type":"binary-expr","locations":[{"start":{"line":13,"column":13},"end":{"line":13,"column":27}},{"start":{"line":13,"column":31},"end":{"line":13,"column":35}}]},"1":{"loc":{"start":{"line":21,"column":15},"end":{"line":21,"column":44}},"type":"binary-expr","locations":[{"start":{"line":21,"column":15},"end":{"line":21,"column":36}},{"start":{"line":21,"column":40},"end":{"line":21,"column":44}}]},"2":{"loc":{"start":{"line":32,"column":15},"end":{"line":32,"column":39}},"type":"binary-expr","locations":[{"start":{"line":32,"column":15},"end":{"line":32,"column":31}},{"start":{"line":32,"column":35},"end":{"line":32,"column":39}}]},"3":{"loc":{"start":{"line":34,"column":12},"end":{"line":34,"column":64}},"type":"cond-expr","locations":[{"start":{"line":34,"column":28},"end":{"line":34,"column":52}},{"start":{"line":34,"column":55},"end":{"line":34,"column":64}}]}},"s":{"0":6,"1":17,"2":6,"3":6,"4":7,"5":6,"6":6,"7":10,"8":6,"9":6,"10":12,"11":6},"f":{"0":17,"1":7,"2":10,"3":12},"b":{"0":[17,7],"1":[7,1],"2":[10,5],"3":[5,5]}}
}
