TN:
SF:src/db/prisma.ts
FNF:0
FNH:0
DA:1,5
DA:3,5
DA:5,5
DA:11,5
DA:12,5
LF:5
LH:5
BRDA:6,0,0,5
BRDA:6,0,1,5
BRDA:8,1,0,0
BRDA:8,1,1,5
BRDA:11,2,0,5
BRF:5
BRH:4
end_of_record
TN:
SF:src/db/redis.ts
FN:22,(anonymous_1)
FN:25,(anonymous_2)
FN:32,(anonymous_3)
FNF:3
FNH:2
FNDA:5,(anonymous_1)
FNDA:0,(anonymous_2)
FNDA:2,(anonymous_3)
DA:1,6
DA:2,6
DA:3,6
DA:20,6
DA:22,6
DA:23,5
DA:24,4
DA:25,4
DA:26,4
DA:27,4
DA:29,5
DA:32,6
DA:33,2
DA:34,1
DA:35,1
LF:15
LH:15
BRDA:23,0,0,4
BRDA:33,1,0,1
BRF:2
BRH:2
end_of_record
TN:
SF:src/middleware/auth.ts
FN:20,(anonymous_1)
FNF:1
FNH:1
FNDA:7,(anonymous_1)
DA:2,1
DA:3,1
DA:4,1
DA:5,1
DA:20,1
DA:21,7
DA:23,7
DA:24,2
DA:25,2
DA:28,5
DA:30,5
DA:31,5
DA:32,1
DA:33,1
DA:35,4
DA:36,4
LF:16
LH:16
BRDA:23,0,0,2
BRF:1
BRH:1
end_of_record
TN:
SF:src/middleware/csrf.ts
FN:10,(anonymous_1)
FNF:1
FNH:1
FNDA:4,(anonymous_1)
DA:2,1
DA:3,1
DA:10,1
DA:15,4
DA:17,4
DA:18,3
DA:19,3
DA:22,1
LF:8
LH:8
BRDA:17,0,0,3
BRDA:17,1,0,4
BRDA:17,1,1,2
BRF:3
BRH:3
end_of_record
TN:
SF:src/middleware/errorHandler.ts
FN:6,(anonymous_0)
FNF:1
FNH:1
FNDA:5,(anonymous_0)
DA:2,1
DA:3,1
DA:6,1
DA:12,5
DA:13,2
DA:14,2
DA:17,2
DA:20,3
DA:21,3
LF:9
LH:9
BRDA:12,0,0,2
BRF:1
BRH:1
end_of_record
TN:
SF:src/middleware/logger.ts
FN:4,(anonymous_0)
FN:7,(anonymous_1)
FNF:2
FNH:2
FNDA:3,(anonymous_0)
FNDA:1,(anonymous_1)
DA:2,1
DA:4,1
DA:5,3
DA:7,3
DA:8,1
DA:19,3
LF:6
LH:6
BRF:0
BRH:0
end_of_record
TN:
SF:src/middleware/rateLimiter.ts
FN:10,(anonymous_0)
FN:11,(anonymous_1)
FNF:2
FNH:2
FNDA:5,(anonymous_0)
FNDA:14,(anonymous_1)
DA:8,5
DA:10,5
DA:11,5
DA:12,14
DA:13,14
DA:14,14
DA:16,14
DA:17,7
DA:18,7
DA:19,7
DA:22,7
DA:23,1
DA:24,1
DA:27,6
DA:28,6
LF:15
LH:15
BRDA:12,0,0,14
BRDA:12,0,1,1
BRDA:16,1,0,7
BRDA:16,2,0,14
BRDA:16,2,1,8
BRDA:22,3,0,1
BRF:6
BRH:6
end_of_record
TN:
SF:src/middleware/validate.ts
FN:6,(anonymous_0)
FN:7,(anonymous_1)
FN:11,(anonymous_2)
FNF:3
FNH:3
FNDA:5,(anonymous_0)
FNDA:5,(anonymous_1)
FNDA:5,(anonymous_2)
DA:3,1
DA:5,1
DA:6,1
DA:7,5
DA:8,5
DA:10,5
DA:11,5
DA:12,4
DA:13,4
DA:16,1
DA:17,1
LF:11
LH:11
BRDA:10,0,0,4
BRF:1
BRH:1
end_of_record
TN:
SF:src/modules/auth/auth.service.ts
FN:39,(anonymous_1)
FN:44,(anonymous_2)
FN:104,(anonymous_3)
FN:142,(anonymous_4)
FN:148,(anonymous_5)
FNF:5
FNH:5
FNDA:9,(anonymous_1)
FNDA:3,(anonymous_2)
FNDA:5,(anonymous_3)
FNDA:1,(anonymous_4)
FNDA:2,(anonymous_5)
DA:1,1
DA:2,1
DA:3,1
DA:4,1
DA:5,1
DA:6,1
DA:7,1
DA:8,1
DA:9,1
DA:35,1
DA:36,1
DA:38,1
DA:40,9
DA:41,9
DA:47,3
DA:48,3
DA:59,2
DA:61,1
DA:62,1
DA:67,2
DA:68,2
DA:72,1
DA:74,1
DA:75,1
DA:79,1
DA:91,1
DA:92,1
DA:93,1
DA:95,1
DA:96,1
DA:100,1
DA:101,1
DA:107,5
DA:108,1
DA:111,4
DA:112,4
DA:113,1
DA:116,3
DA:117,3
DA:119,3
DA:120,3
DA:121,3
DA:122,1
DA:125,2
DA:126,2
DA:127,1
DA:128,1
DA:132,1
DA:133,1
DA:134,1
DA:138,1
DA:139,1
DA:143,1
DA:144,1
DA:145,1
DA:150,2
LF:56
LH:56
BRDA:40,0,0,0
BRDA:41,1,0,0
BRDA:81,2,0,1
BRDA:81,2,1,0
BRDA:86,3,0,1
BRDA:86,3,1,0
BRDA:107,4,0,1
BRDA:112,5,0,1
BRDA:121,6,0,1
BRDA:121,7,0,3
BRDA:121,7,1,3
BRDA:126,8,0,1
BRF:12
BRH:8
end_of_record
TN:
SF:src/modules/notes/notes.service.ts
FN:10,(anonymous_0)
FN:12,(anonymous_1)
FN:21,(anonymous_2)
FN:30,(anonymous_3)
FN:45,(anonymous_4)
FN:54,(anonymous_5)
FN:77,(anonymous_6)
FNF:7
FNH:7
FNDA:20,(anonymous_0)
FNDA:20,(anonymous_1)
FNDA:4,(anonymous_2)
FNDA:4,(anonymous_3)
FNDA:4,(anonymous_4)
FNDA:5,(anonymous_5)
FNDA:3,(anonymous_6)
DA:1,1
DA:2,1
DA:3,1
DA:4,1
DA:5,1
DA:9,1
DA:10,20
DA:13,20
DA:16,20
DA:17,5
DA:22,4
DA:23,3
DA:27,3
DA:31,4
DA:32,3
DA:40,3
DA:41,3
DA:42,3
DA:46,4
DA:47,3
DA:48,3
DA:49,1
DA:51,2
DA:60,5
DA:61,4
DA:62,4
DA:63,1
DA:65,3
DA:72,3
DA:73,3
DA:74,3
DA:78,3
DA:79,2
DA:80,2
DA:81,1
DA:83,1
DA:84,1
LF:37
LH:37
BRDA:10,0,0,0
BRDA:16,1,0,5
BRDA:35,2,0,3
BRDA:35,2,1,0
BRDA:48,3,0,1
BRDA:62,4,0,1
BRDA:68,5,0,3
BRDA:68,5,1,2
BRDA:69,6,0,3
BRDA:69,6,1,1
BRDA:80,7,0,1
BRF:11
BRH:9
end_of_record
TN:
SF:src/modules/tasks/tasks.service.ts
FN:11,(anonymous_0)
FN:13,(anonymous_1)
FN:22,(anonymous_2)
FN:32,(anonymous_3)
FN:50,(anonymous_4)
FN:62,(anonymous_5)
FN:88,(anonymous_6)
FNF:7
FNH:7
FNDA:10,(anonymous_0)
FNDA:11,(anonymous_1)
FNDA:3,(anonymous_2)
FNDA:2,(anonymous_3)
FNDA:2,(anonymous_4)
FNDA:2,(anonymous_5)
FNDA:2,(anonymous_6)
DA:2,1
DA:3,1
DA:4,1
DA:5,1
DA:6,1
DA:10,1
DA:11,10
DA:14,11
DA:17,11
DA:18,3
DA:23,3
DA:24,1
DA:29,1
DA:33,2
DA:34,1
DA:45,1
DA:46,1
DA:47,1
DA:51,2
DA:52,2
DA:56,2
DA:57,1
DA:59,1
DA:68,2
DA:69,2
DA:70,2
DA:71,1
DA:73,1
DA:83,1
DA:84,1
DA:85,1
DA:89,2
DA:90,2
DA:91,2
DA:92,1
DA:94,1
DA:95,1
LF:37
LH:37
BRDA:11,0,0,0
BRDA:17,1,0,3
BRDA:37,2,0,1
BRDA:37,2,1,1
BRDA:38,3,0,1
BRDA:38,3,1,0
BRDA:39,4,0,1
BRDA:39,4,1,1
BRDA:56,5,0,1
BRDA:70,6,0,1
BRDA:76,7,0,1
BRDA:76,7,1,1
BRDA:77,8,0,1
BRDA:77,8,1,0
BRDA:78,9,0,1
BRDA:78,9,1,0
BRDA:79,10,0,1
BRDA:79,10,1,0
BRDA:91,11,0,1
BRF:19
BRH:14
end_of_record
TN:
SF:src/modules/users/users.service.ts
FN:8,(anonymous_0)
FN:10,(anonymous_1)
FN:18,(anonymous_2)
FNF:3
FNH:3
FNDA:11,(anonymous_0)
FNDA:6,(anonymous_1)
FNDA:6,(anonymous_2)
DA:1,1
DA:2,1
DA:3,1
DA:7,1
DA:8,11
DA:11,6
DA:12,6
DA:13,2
DA:15,4
DA:19,6
DA:20,6
DA:21,2
DA:23,4
DA:30,4
LF:14
LH:14
BRDA:8,0,0,0
BRDA:12,1,0,2
BRDA:20,2,0,2
BRDA:26,3,0,4
BRDA:26,3,1,3
BRDA:27,4,0,4
BRDA:27,4,1,2
BRF:7
BRH:6
end_of_record
TN:
SF:src/modules/workspaces/workspaces.service.ts
FN:9,(anonymous_0)
FN:11,(anonymous_1)
FN:16,(anonymous_2)
FN:19,(anonymous_3)
FN:20,(anonymous_4)
FN:36,(anonymous_5)
FN:50,(anonymous_6)
FN:75,(anonymous_7)
FNF:8
FNH:8
FNDA:12,(anonymous_0)
FNDA:1,(anonymous_1)
FNDA:1,(anonymous_2)
FNDA:1,(anonymous_3)
FNDA:1,(anonymous_4)
FNDA:3,(anonymous_5)
FNDA:4,(anonymous_6)
FNDA:3,(anonymous_7)
DA:1,1
DA:2,1
DA:3,1
DA:4,1
DA:8,1
DA:9,12
DA:12,1
DA:16,1
DA:20,1
DA:21,1
DA:28,1
DA:31,1
DA:33,1
DA:37,3
DA:40,3
DA:41,1
DA:43,2
DA:44,2
DA:45,1
DA:47,1
DA:55,4
DA:58,4
DA:59,2
DA:65,2
DA:72,2
DA:76,3
DA:79,3
DA:80,2
DA:82,1
LF:29
LH:29
BRDA:9,0,0,0
BRDA:24,1,0,1
BRDA:24,1,1,1
BRDA:40,2,0,1
BRDA:44,3,0,1
BRDA:58,4,0,2
BRDA:58,5,0,4
BRDA:58,5,1,3
BRDA:68,6,0,2
BRDA:68,6,1,2
BRDA:69,7,0,2
BRDA:69,7,1,0
BRDA:79,8,0,2
BRDA:79,9,0,3
BRDA:79,9,1,2
BRF:15
BRH:13
end_of_record
TN:
SF:src/utils/httpError.ts
FN:5,(anonymous_0)
FNF:1
FNH:1
FNDA:59,(anonymous_0)
DA:1,7
DA:6,59
DA:7,59
DA:8,59
DA:9,59
DA:10,59
LF:6
LH:6
BRDA:5,0,0,13
BRF:1
BRH:1
end_of_record
TN:
SF:src/utils/logger.ts
FNF:0
FNH:0
DA:1,0
DA:2,0
DA:4,0
LF:3
LH:0
BRDA:5,0,0,0
BRDA:5,0,1,0
BRDA:6,1,0,0
BRDA:6,1,1,0
BRF:4
BRH:0
end_of_record
TN:
SF:src/utils/mappers.ts
FN:9,(anonymous_0)
FN:18,(anonymous_1)
FN:27,(anonymous_2)
FN:41,(anonymous_3)
FNF:4
FNH:4
FNDA:17,(anonymous_0)
FNDA:7,(anonymous_1)
FNDA:10,(anonymous_2)
FNDA:12,(anonymous_3)
DA:9,17
DA:18,7
DA:27,6
DA:29,10
DA:41,12
LF:5
LH:5
BRDA:13,0,0,17
BRDA:13,0,1,7
BRDA:21,1,0,7
BRDA:21,1,1,1
BRDA:32,2,0,10
BRDA:32,2,1,5
BRDA:34,3,0,5
BRDA:34,3,1,5
BRF:8
BRH:8
end_of_record
